<?xml version="1.0" encoding="UTF-8"?>
<testsuite xmlns:xsi="http://www.w3.org/2001/XMLSchema-instance" xsi:noNamespaceSchemaLocation="https://maven.apache.org/surefire/maven-surefire-plugin/xsd/surefire-test-report-3.0.xsd" version="3.0" name="com.aicareercoach.AiCareerCoachApplicationTests" time="24.699" tests="1" errors="0" skipped="0" failures="0">
  <properties>
[...]
</properties>
  <testcase name="contextLoads" classname="com.aicareercoach.AiCareerCoachApplicationTests" time="3.2">
    <system-out><![CDATA[14:47:38.509 [main] INFO org.springframework.test.context.support.AnnotationConfigContextLoaderUtils -- Could not detect default configuration classes for test class [com.aicareercoach.AiCareerCoachApplicationTests]: AiCareerCoachApplicationTests does not declare any static, non-private, non-final, nested classes annotated with @Configuration.
14:47:38.851 [main] INFO org.springframework.boot.test.context.SpringBootTestContextBootstrapper -- Found @SpringBootConfiguration com.aicareercoach.AiCareerCoachApplication for test class com.aicareercoach.AiCareerCoachApplicationTests
14:47:39.506 [main] INFO org.springframework.boot.devtools.restart.RestartApplicationListener -- Restart disabled due to context in which it is running

  .   ____          _            __ _ _
 /\\ / ___'_ __ _ _(_)_ __  __ _ \ \ \ \
( ( )\___ | '_ | '_| | '_ \/ _` | \ \ \ \
 \\/  ___)| |_)| | | | | || (_| |  ) ) ) )
  '  |____| .__|_| |_|_| |_\__, | / / / /
 =========|_|==============|___/=/_/_/_/
 :: Spring Boot ::                (v3.2.0)

2025-06-30 14:47:41 - Starting AiCareerCoachApplicationTests using Java 21.0.7 with PID 6712 (started by somas in C:\Users\somas\Desktop\AI Career Coach\backend)
2025-06-30 14:47:41 - Running with Spring Boot v3.2.0, Spring v6.1.1
2025-06-30 14:47:41 - No active profile set, falling back to 1 default profile: "default"
2025-06-30 14:47:46 - Bootstrapping Spring Data MongoDB repositories in DEFAULT mode.
2025-06-30 14:47:46 - Finished Spring Data repository scanning in 333 ms. Found 7 MongoDB repository interfaces.
2025-06-30 14:47:49 - Adding discovered server ac-ohz8we4-shard-00-00.vsfmb4n.mongodb.net:27017 to client view of cluster
2025-06-30 14:47:49 - MongoClient with metadata {"application": {"name": "GoalForge-DB"}, "driver": {"name": "mongo-java-driver|sync|spring-boot", "version": "4.11.1"}, "os": {"type": "Windows", "name": "Windows 11", "architecture": "amd64", "version": "10.0"}, "platform": "Java/Oracle Corporation/21.0.7+8-LTS-245"} created with settings MongoClientSettings{readPreference=primary, writeConcern=WriteConcern{w=majority, wTimeout=null ms, journal=null}, retryWrites=true, retryReads=true, readConcern=ReadConcern{level=null}, credential=MongoCredential{mechanism=null, userName='soma', source='admin', password=<hidden>, mechanismProperties=<hidden>}, transportSettings=null, streamFactoryFactory=null, commandListeners=[], codecRegistry=ProvidersCodecRegistry{codecProviders=[ValueCodecProvider{}, BsonValueCodecProvider{}, DBRefCodecProvider{}, DBObjectCodecProvider{}, DocumentCodecProvider{}, CollectionCodecProvider{}, IterableCodecProvider{}, MapCodecProvider{}, GeoJsonCodecProvider{}, GridFSFileCodecProvider{}, Jsr310CodecProvider{}, JsonObjectCodecProvider{}, BsonCodecProvider{}, EnumCodecProvider{}, com.mongodb.client.model.mql.ExpressionCodecProvider@1d289d3f, com.mongodb.Jep395RecordCodecProvider@10f405ff, com.mongodb.KotlinCodecProvider@7f27f59b]}, loggerSettings=LoggerSettings{maxDocumentLength=1000}, clusterSettings={hosts=[127.0.0.1:27017], srvHost=goalforge-db.vsfmb4n.mongodb.net, srvServiceName=mongodb, mode=MULTIPLE, requiredClusterType=REPLICA_SET, requiredReplicaSetName='atlas-e1o7ev-shard-0', serverSelector='null', clusterListeners='[]', serverSelectionTimeout='30000 ms', localThreshold='15 ms'}, socketSettings=SocketSettings{connectTimeoutMS=10000, readTimeoutMS=0, receiveBufferSize=0, proxySettings=ProxySettings{host=null, port=null, username=null, password=null}}, heartbeatSocketSettings=SocketSettings{connectTimeoutMS=10000, readTimeoutMS=10000, receiveBufferSize=0, proxySettings=ProxySettings{host=null, port=null, username=null, password=null}}, connectionPoolSettings=ConnectionPoolSettings{maxSize=100, minSize=0, maxWaitTimeMS=120000, maxConnectionLifeTimeMS=0, maxConnectionIdleTimeMS=0, maintenanceInitialDelayMS=0, maintenanceFrequencyMS=60000, connectionPoolListeners=[], maxConnecting=2}, serverSettings=ServerSettings{heartbeatFrequencyMS=10000, minHeartbeatFrequencyMS=500, serverListeners='[]', serverMonitorListeners='[]'}, sslSettings=SslSettings{enabled=true, invalidHostNameAllowed=false, context=null}, applicationName='GoalForge-DB', compressorList=[], uuidRepresentation=JAVA_LEGACY, serverApi=null, autoEncryptionSettings=null, dnsClient=null, inetAddressResolver=null, contextProvider=null}
2025-06-30 14:47:49 - Adding discovered server ac-ohz8we4-shard-00-01.vsfmb4n.mongodb.net:27017 to client view of cluster
2025-06-30 14:47:49 - Adding discovered server ac-ohz8we4-shard-00-02.vsfmb4n.mongodb.net:27017 to client view of cluster
2025-06-30 14:47:52 - Monitor thread successfully connected to server with description ServerDescription{address=ac-ohz8we4-shard-00-01.vsfmb4n.mongodb.net:27017, type=REPLICA_SET_PRIMARY, state=CONNECTED, ok=true, minWireVersion=0, maxWireVersion=25, maxDocumentSize=16777216, logicalSessionTimeoutMinutes=30, roundTripTimeNanos=1582827200, setName='atlas-e1o7ev-shard-0', canonicalAddress=ac-ohz8we4-shard-00-01.vsfmb4n.mongodb.net:27017, hosts=[ac-ohz8we4-shard-00-00.vsfmb4n.mongodb.net:27017, ac-ohz8we4-shard-00-02.vsfmb4n.mongodb.net:27017, ac-ohz8we4-shard-00-01.vsfmb4n.mongodb.net:27017], passives=[], arbiters=[], primary='ac-ohz8we4-shard-00-01.vsfmb4n.mongodb.net:27017', tagSet=TagSet{[Tag{name='availabilityZone', value='aps1-az3'}, Tag{name='diskState', value='READY'}, Tag{name='nodeType', value='ELECTABLE'}, Tag{name='provider', value='AWS'}, Tag{name='region', value='AP_SOUTH_1'}, Tag{name='workloadType', value='OPERATIONAL'}]}, electionId=7fffffff0000000000000040, setVersion=34, topologyVersion=TopologyVersion{processId=685fd5e81b14812965765689, counter=9}, lastWriteDate=Mon Jun 30 14:47:50 IST 2025, lastUpdateTimeNanos=20730793826200}
2025-06-30 14:47:52 - Monitor thread successfully connected to server with description ServerDescription{address=ac-ohz8we4-shard-00-00.vsfmb4n.mongodb.net:27017, type=REPLICA_SET_SECONDARY, state=CONNECTED, ok=true, minWireVersion=0, maxWireVersion=25, maxDocumentSize=16777216, logicalSessionTimeoutMinutes=30, roundTripTimeNanos=1581912700, setName='atlas-e1o7ev-shard-0', canonicalAddress=ac-ohz8we4-shard-00-00.vsfmb4n.mongodb.net:27017, hosts=[ac-ohz8we4-shard-00-00.vsfmb4n.mongodb.net:27017, ac-ohz8we4-shard-00-02.vsfmb4n.mongodb.net:27017, ac-ohz8we4-shard-00-01.vsfmb4n.mongodb.net:27017], passives=[], arbiters=[], primary='ac-ohz8we4-shard-00-01.vsfmb4n.mongodb.net:27017', tagSet=TagSet{[Tag{name='availabilityZone', value='aps1-az1'}, Tag{name='diskState', value='READY'}, Tag{name='nodeType', value='ELECTABLE'}, Tag{name='provider', value='AWS'}, Tag{name='region', value='AP_SOUTH_1'}, Tag{name='workloadType', value='OPERATIONAL'}]}, electionId=null, setVersion=34, topologyVersion=TopologyVersion{processId=685fd6e9cc166d8249e286b8, counter=5}, lastWriteDate=Mon Jun 30 14:47:50 IST 2025, lastUpdateTimeNanos=20730792913400}
2025-06-30 14:47:52 - Monitor thread successfully connected to server with description ServerDescription{address=ac-ohz8we4-shard-00-02.vsfmb4n.mongodb.net:27017, type=REPLICA_SET_SECONDARY, state=CONNECTED, ok=true, minWireVersion=0, maxWireVersion=25, maxDocumentSize=16777216, logicalSessionTimeoutMinutes=30, roundTripTimeNanos=1584742000, setName='atlas-e1o7ev-shard-0', canonicalAddress=ac-ohz8we4-shard-00-02.vsfmb4n.mongodb.net:27017, hosts=[ac-ohz8we4-shard-00-00.vsfmb4n.mongodb.net:27017, ac-ohz8we4-shard-00-02.vsfmb4n.mongodb.net:27017, ac-ohz8we4-shard-00-01.vsfmb4n.mongodb.net:27017], passives=[], arbiters=[], primary='ac-ohz8we4-shard-00-01.vsfmb4n.mongodb.net:27017', tagSet=TagSet{[Tag{name='availabilityZone', value='aps1-az2'}, Tag{name='diskState', value='READY'}, Tag{name='nodeType', value='ELECTABLE'}, Tag{name='provider', value='AWS'}, Tag{name='region', value='AP_SOUTH_1'}, Tag{name='workloadType', value='OPERATIONAL'}]}, electionId=null, setVersion=34, topologyVersion=TopologyVersion{processId=685fd82f8b6995b44afdce31, counter=5}, lastWriteDate=Mon Jun 30 14:47:50 IST 2025, lastUpdateTimeNanos=20730794657200}
2025-06-30 14:47:52 - Discovered replica set primary ac-ohz8we4-shard-00-01.vsfmb4n.mongodb.net:27017 with max election id 7fffffff0000000000000040 and max set version 34
2025-06-30 14:47:54 - 

Using generated security password: 104e4c82-2088-42a9-956b-f9e678cbd40f

This generated password is for development use only. Your security configuration must be updated before running your application in production.

2025-06-30 14:47:56 - Will secure any request with [org.springframework.security.web.session.DisableEncodeUrlFilter@9880a15, org.springframework.security.web.context.request.async.WebAsyncManagerIntegrationFilter@6febec41, org.springframework.security.web.context.SecurityContextHolderFilter@7bdb4f17, org.springframework.security.web.header.HeaderWriterFilter@2ee456c7, org.springframework.web.filter.CorsFilter@3de88f64, org.springframework.security.web.authentication.logout.LogoutFilter@636fccb0, org.springframework.security.web.savedrequest.RequestCacheAwareFilter@1fbd5e0, org.springframework.security.web.servletapi.SecurityContextHolderAwareRequestFilter@32d22650, org.springframework.security.web.authentication.AnonymousAuthenticationFilter@4e8afdad, org.springframework.security.web.access.ExceptionTranslationFilter@1328f482, org.springframework.security.web.access.intercept.AuthorizationFilter@48d5ca17]
Starting test data initialization...
Created test user: soma3@example.com
Created test goal: Become Full Stack Developer
Created test roadmap: Roadmap for Become Full Stack Developer
Created task: Learn HTML & CSS Basics
Created task: JavaScript Fundamentals
Created task: React.js Introduction
2025-06-30 14:47:59 - Started AiCareerCoachApplicationTests in 19.722 seconds (process running for 23.314)
Created task: Backend Development
Created task: Database Design
Created task: Project Building
Test data initialized successfully!
]]></system-out>
    <system-err><![CDATA[WARNING: A Java agent has been loaded dynamically (C:\Users\somas\.m2\repository\net\bytebuddy\byte-buddy-agent\1.14.10\byte-buddy-agent-1.14.10.jar)
WARNING: If a serviceability tool is in use, please run with -XX:+EnableDynamicAgentLoading to hide this warning
WARNING: If a serviceability tool is not in use, please run with -Djdk.instrument.traceUsage for more information
WARNING: Dynamic loading of agents will be disallowed by default in a future release
]]></system-err>
  </testcase>
</testsuite>