<?xml version="1.0" encoding="UTF-8"?>
<testsuite xmlns:xsi="http://www.w3.org/2001/XMLSchema-instance" xsi:noNamespaceSchemaLocation="https://maven.apache.org/surefire/maven-surefire-plugin/xsd/surefire-test-report-3.0.xsd" version="3.0" name="com.aicareercoach.AiCareerCoachApplicationTests" time="11.013" tests="1" errors="0" skipped="0" failures="0">
  <properties>
[...]
</properties>
  <testcase name="contextLoads" classname="com.aicareercoach.AiCareerCoachApplicationTests" time="0.846">
    <system-out><![CDATA[18:39:36.378 [main] INFO org.springframework.test.context.support.AnnotationConfigContextLoaderUtils -- Could not detect default configuration classes for test class [com.aicareercoach.AiCareerCoachApplicationTests]: AiCareerCoachApplicationTests does not declare any static, non-private, non-final, nested classes annotated with @Configuration.
18:39:36.513 [main] INFO org.springframework.boot.test.context.SpringBootTestContextBootstrapper -- Found @SpringBootConfiguration com.aicareercoach.AiCareerCoachApplication for test class com.aicareercoach.AiCareerCoachApplicationTests
18:39:36.748 [main] INFO org.springframework.boot.devtools.restart.RestartApplicationListener -- Restart disabled due to context in which it is running

  .   ____          _            __ _ _
 /\\ / ___'_ __ _ _(_)_ __  __ _ \ \ \ \
( ( )\___ | '_ | '_| | '_ \/ _` | \ \ \ \
 \\/  ___)| |_)| | | | | || (_| |  ) ) ) )
  '  |____| .__|_| |_|_| |_\__, | / / / /
 =========|_|==============|___/=/_/_/_/
 :: Spring Boot ::                (v3.2.0)

2025-06-26 18:39:37 - Starting AiCareerCoachApplicationTests using Java 21.0.7 with PID 9680 (started by somas in C:\Users\somas\Desktop\AI Career Coach\backend)
2025-06-26 18:39:37 - Running with Spring Boot v3.2.0, Spring v6.1.1
2025-06-26 18:39:37 - No active profile set, falling back to 1 default profile: "default"
2025-06-26 18:39:38 - Bootstrapping Spring Data JPA repositories in DEFAULT mode.
2025-06-26 18:39:39 - Finished Spring Data repository scanning in 109 ms. Found 6 JPA repository interfaces.
2025-06-26 18:39:40 - HHH000204: Processing PersistenceUnitInfo [name: default]
2025-06-26 18:39:40 - HHH000412: Hibernate ORM core version 6.3.1.Final
2025-06-26 18:39:40 - HHH000026: Second-level cache disabled
2025-06-26 18:39:41 - No LoadTimeWeaver setup: ignoring JPA class transformer
2025-06-26 18:39:41 - HikariPool-1 - Starting...
2025-06-26 18:39:41 - HikariPool-1 - Added connection conn0: url=jdbc:h2:mem:ai_career_coach user=SA
2025-06-26 18:39:41 - HikariPool-1 - Start completed.
2025-06-26 18:39:41 - HHH90000025: H2Dialect does not need to be specified explicitly using 'hibernate.dialect' (remove the property setting and it will be selected by default)
2025-06-26 18:39:43 - HHH000489: No JTA platform available (set 'hibernate.transaction.jta.platform' to enable JTA platform integration)
2025-06-26 18:39:43 - 
    drop table if exists "goals" cascade 
Hibernate: 
    drop table if exists "goals" cascade 
2025-06-26 18:39:43 - 
    drop table if exists "life_event_logs" cascade 
Hibernate: 
    drop table if exists "life_event_logs" cascade 
2025-06-26 18:39:43 - 
    drop table if exists "mood_logs" cascade 
Hibernate: 
    drop table if exists "mood_logs" cascade 
2025-06-26 18:39:43 - 
    drop table if exists "roadmaps" cascade 
Hibernate: 
    drop table if exists "roadmaps" cascade 
2025-06-26 18:39:43 - 
    drop table if exists "tasks" cascade 
Hibernate: 
    drop table if exists "tasks" cascade 
2025-06-26 18:39:43 - 
    drop table if exists "user_skills" cascade 
Hibernate: 
    drop table if exists "user_skills" cascade 
2025-06-26 18:39:43 - 
    drop table if exists "users" cascade 
Hibernate: 
    drop table if exists "users" cascade 
2025-06-26 18:39:43 - 
    create table "goals" (
        "created_at" timestamp(6) not null,
        "id" bigint generated by default as identity,
        "target_date" timestamp(6),
        "updated_at" timestamp(6),
        "user_id" bigint not null,
        "description" varchar(1000),
        "status" varchar(255) not null,
        "title" varchar(255) not null,
        primary key ("id")
    )
Hibernate: 
    create table "goals" (
        "created_at" timestamp(6) not null,
        "id" bigint generated by default as identity,
        "target_date" timestamp(6),
        "updated_at" timestamp(6),
        "user_id" bigint not null,
        "description" varchar(1000),
        "status" varchar(255) not null,
        "title" varchar(255) not null,
        primary key ("id")
    )
2025-06-26 18:39:43 - 
    create table "life_event_logs" (
        "created_at" timestamp(6) not null,
        "id" bigint generated by default as identity,
        "user_id" bigint not null,
        "event" varchar(255) not null,
        primary key ("id")
    )
Hibernate: 
    create table "life_event_logs" (
        "created_at" timestamp(6) not null,
        "id" bigint generated by default as identity,
        "user_id" bigint not null,
        "event" varchar(255) not null,
        primary key ("id")
    )
2025-06-26 18:39:43 - 
    create table "mood_logs" (
        "created_at" timestamp(6) not null,
        "id" bigint generated by default as identity,
        "user_id" bigint not null,
        "mood" varchar(255) not null,
        primary key ("id")
    )
Hibernate: 
    create table "mood_logs" (
        "created_at" timestamp(6) not null,
        "id" bigint generated by default as identity,
        "user_id" bigint not null,
        "mood" varchar(255) not null,
        primary key ("id")
    )
2025-06-26 18:39:43 - 
    create table "roadmaps" (
        "estimated_duration_weeks" integer,
        "created_at" timestamp(6) not null,
        "goal_id" bigint not null,
        "id" bigint generated by default as identity,
        "updated_at" timestamp(6),
        "user_id" bigint not null,
        "description" varchar(1000),
        "title" varchar(255) not null,
        primary key ("id")
    )
Hibernate: 
    create table "roadmaps" (
        "estimated_duration_weeks" integer,
        "created_at" timestamp(6) not null,
        "goal_id" bigint not null,
        "id" bigint generated by default as identity,
        "updated_at" timestamp(6),
        "user_id" bigint not null,
        "description" varchar(1000),
        "title" varchar(255) not null,
        primary key ("id")
    )
2025-06-26 18:39:43 - 
    create table "tasks" (
        "estimated_duration_minutes" integer,
        "priority" integer,
        "completed_at" timestamp(6),
        "created_at" timestamp(6) not null,
        "due_date" timestamp(6),
        "id" bigint generated by default as identity,
        "roadmap_id" bigint not null,
        "updated_at" timestamp(6),
        "user_id" bigint not null,
        "description" varchar(1000),
        "status" varchar(255) not null,
        "title" varchar(255) not null,
        primary key ("id")
    )
Hibernate: 
    create table "tasks" (
        "estimated_duration_minutes" integer,
        "priority" integer,
        "completed_at" timestamp(6),
        "created_at" timestamp(6) not null,
        "due_date" timestamp(6),
        "id" bigint generated by default as identity,
        "roadmap_id" bigint not null,
        "updated_at" timestamp(6),
        "user_id" bigint not null,
        "description" varchar(1000),
        "status" varchar(255) not null,
        "title" varchar(255) not null,
        primary key ("id")
    )
2025-06-26 18:39:43 - 
    create table "user_skills" (
        "is_target_skill" boolean,
        "years_of_experience" integer,
        "created_at" timestamp(6) not null,
        "id" bigint generated by default as identity,
        "user_id" bigint not null,
        "proficiency_level" varchar(255),
        "skill_name" varchar(255) not null,
        primary key ("id")
    )
Hibernate: 
    create table "user_skills" (
        "is_target_skill" boolean,
        "years_of_experience" integer,
        "created_at" timestamp(6) not null,
        "id" bigint generated by default as identity,
        "user_id" bigint not null,
        "proficiency_level" varchar(255),
        "skill_name" varchar(255) not null,
        primary key ("id")
    )
2025-06-26 18:39:43 - 
    create table "users" (
        "current_salary" float(53),
        "email_verified" boolean,
        "is_active" boolean,
        "preferred_work_hours_per_day" integer,
        "years_of_experience" integer,
        "created_at" timestamp(6) not null,
        "date_of_birth" timestamp(6),
        "id" bigint generated by default as identity,
        "last_login" timestamp(6),
        "updated_at" timestamp(6),
        "bio" varchar(1000),
        "current_company" varchar(255),
        "current_role" varchar(255) check ("current_role" in ('TECH_SUPPORT','SOFTWARE_DEVELOPER','FULL_STACK_DEVELOPER','FRONTEND_DEVELOPER','BACKEND_DEVELOPER','DATA_SCIENTIST','DEVOPS_ENGINEER','PRODUCT_MANAGER','UI_UX_DESIGNER','QA_ENGINEER','SYSTEM_ADMINISTRATOR','NETWORK_ENGINEER','SECURITY_ANALYST','BUSINESS_ANALYST','PROJECT_MANAGER','OTHER')),
        "email" varchar(255) not null unique,
        "first_name" varchar(255) not null,
        "gender" varchar(255) check ("gender" in ('MALE','FEMALE','OTHER','PREFER_NOT_TO_SAY')),
        "last_name" varchar(255) not null,
        "location" varchar(255),
        "password" varchar(255) not null,
        "phone_number" varchar(255),
        "profile_picture_url" varchar(255),
        "timezone" varchar(255),
        primary key ("id")
    )
Hibernate: 
    create table "users" (
        "current_salary" float(53),
        "email_verified" boolean,
        "is_active" boolean,
        "preferred_work_hours_per_day" integer,
        "years_of_experience" integer,
        "created_at" timestamp(6) not null,
        "date_of_birth" timestamp(6),
        "id" bigint generated by default as identity,
        "last_login" timestamp(6),
        "updated_at" timestamp(6),
        "bio" varchar(1000),
        "current_company" varchar(255),
        "current_role" varchar(255) check ("current_role" in ('TECH_SUPPORT','SOFTWARE_DEVELOPER','FULL_STACK_DEVELOPER','FRONTEND_DEVELOPER','BACKEND_DEVELOPER','DATA_SCIENTIST','DEVOPS_ENGINEER','PRODUCT_MANAGER','UI_UX_DESIGNER','QA_ENGINEER','SYSTEM_ADMINISTRATOR','NETWORK_ENGINEER','SECURITY_ANALYST','BUSINESS_ANALYST','PROJECT_MANAGER','OTHER')),
        "email" varchar(255) not null unique,
        "first_name" varchar(255) not null,
        "gender" varchar(255) check ("gender" in ('MALE','FEMALE','OTHER','PREFER_NOT_TO_SAY')),
        "last_name" varchar(255) not null,
        "location" varchar(255),
        "password" varchar(255) not null,
        "phone_number" varchar(255),
        "profile_picture_url" varchar(255),
        "timezone" varchar(255),
        primary key ("id")
    )
2025-06-26 18:39:43 - 
    alter table if exists "goals" 
       add constraint "FK97tq9emycw5mr2du61owbonl4" 
       foreign key ("user_id") 
       references "users"
Hibernate: 
    alter table if exists "goals" 
       add constraint "FK97tq9emycw5mr2du61owbonl4" 
       foreign key ("user_id") 
       references "users"
2025-06-26 18:39:43 - 
    alter table if exists "life_event_logs" 
       add constraint "FKhro8uhsoggpwet3e76j234cew" 
       foreign key ("user_id") 
       references "users"
Hibernate: 
    alter table if exists "life_event_logs" 
       add constraint "FKhro8uhsoggpwet3e76j234cew" 
       foreign key ("user_id") 
       references "users"
2025-06-26 18:39:43 - 
    alter table if exists "mood_logs" 
       add constraint "FKrhsiyk7mewx1gnym6ds5mfo0x" 
       foreign key ("user_id") 
       references "users"
Hibernate: 
    alter table if exists "mood_logs" 
       add constraint "FKrhsiyk7mewx1gnym6ds5mfo0x" 
       foreign key ("user_id") 
       references "users"
2025-06-26 18:39:43 - 
    alter table if exists "roadmaps" 
       add constraint "FK2smmfyn7wlsmvtj1tte0fc75e" 
       foreign key ("goal_id") 
       references "goals"
Hibernate: 
    alter table if exists "roadmaps" 
       add constraint "FK2smmfyn7wlsmvtj1tte0fc75e" 
       foreign key ("goal_id") 
       references "goals"
2025-06-26 18:39:43 - 
    alter table if exists "roadmaps" 
       add constraint "FKlth1vynyq7fo42yrubd1msy3k" 
       foreign key ("user_id") 
       references "users"
Hibernate: 
    alter table if exists "roadmaps" 
       add constraint "FKlth1vynyq7fo42yrubd1msy3k" 
       foreign key ("user_id") 
       references "users"
2025-06-26 18:39:43 - 
    alter table if exists "tasks" 
       add constraint "FKje40b0sy0ps5kjaqh7j28o39c" 
       foreign key ("roadmap_id") 
       references "roadmaps"
Hibernate: 
    alter table if exists "tasks" 
       add constraint "FKje40b0sy0ps5kjaqh7j28o39c" 
       foreign key ("roadmap_id") 
       references "roadmaps"
2025-06-26 18:39:43 - 
    alter table if exists "tasks" 
       add constraint "FKerjv7s3gg14l9r6fug99597vq" 
       foreign key ("user_id") 
       references "users"
Hibernate: 
    alter table if exists "tasks" 
       add constraint "FKerjv7s3gg14l9r6fug99597vq" 
       foreign key ("user_id") 
       references "users"
2025-06-26 18:39:43 - 
    alter table if exists "user_skills" 
       add constraint "FK6clqgaign5ehp2g6nwuqewr06" 
       foreign key ("user_id") 
       references "users"
Hibernate: 
    alter table if exists "user_skills" 
       add constraint "FK6clqgaign5ehp2g6nwuqewr06" 
       foreign key ("user_id") 
       references "users"
2025-06-26 18:39:43 - Initialized JPA EntityManagerFactory for persistence unit 'default'
2025-06-26 18:39:44 - spring.jpa.open-in-view is enabled by default. Therefore, database queries may be performed during view rendering. Explicitly configure spring.jpa.open-in-view to disable this warning
2025-06-26 18:39:45 - Will secure any request with [org.springframework.security.web.session.DisableEncodeUrlFilter@46bbcb82, org.springframework.security.web.context.request.async.WebAsyncManagerIntegrationFilter@b91e024, org.springframework.security.web.context.SecurityContextHolderFilter@4d1f6e1c, org.springframework.security.web.header.HeaderWriterFilter@304933cb, org.springframework.web.filter.CorsFilter@309ac89e, org.springframework.security.web.authentication.logout.LogoutFilter@628b1538, org.springframework.security.web.savedrequest.RequestCacheAwareFilter@42c9f2cd, org.springframework.security.web.servletapi.SecurityContextHolderAwareRequestFilter@797c67c, org.springframework.security.web.authentication.AnonymousAuthenticationFilter@2db0dd19, org.springframework.security.web.access.ExceptionTranslationFilter@443d94ae, org.springframework.security.web.access.intercept.AuthorizationFilter@5a02fca5]
2025-06-26 18:39:46 - H2 console available at '/h2-console'. Database available at 'jdbc:h2:mem:ai_career_coach'
2025-06-26 18:39:46 - Started AiCareerCoachApplicationTests in 9.501 seconds (process running for 11.015)
]]></system-out>
    <system-err><![CDATA[WARNING: A Java agent has been loaded dynamically (C:\Users\somas\.m2\repository\net\bytebuddy\byte-buddy-agent\1.14.10\byte-buddy-agent-1.14.10.jar)
WARNING: If a serviceability tool is in use, please run with -XX:+EnableDynamicAgentLoading to hide this warning
WARNING: If a serviceability tool is not in use, please run with -Djdk.instrument.traceUsage for more information
WARNING: Dynamic loading of agents will be disallowed by default in a future release
]]></system-err>
  </testcase>
</testsuite>